<?xml version="1.0" encoding="UTF-8"?>
<!-- Generated by org.testng.reporters.JUnitXMLReporter -->
<testsuite ignored="0" hostname="DESKTOP-83CO59R" failures="0" tests="3" name="Bongo App Test" time="56.473" errors="0" timestamp="2021-11-05T11:18:53 BDT">
  <testcase classname="com.banking.testcases.TestCase1" name="Test" time="1.506"/>
  <testcase classname="com.banking.testcases.TestCase2" name="Test" time="5.402"/>
  <testcase classname="com.banking.testcases.TestCase3" name="Test" time="4.57"/>
</testsuite> <!-- Bongo App Test -->
